This file contains any messages produced by compilers while
running configure, to aid debugging if configure makes a mistake.

It was created by ccache-swig configure 0.0, which was
generated by GNU Autoconf 2.69.  Invocation command line was

  $ ./configure --disable-option-checking --prefix=/usr --without-clisp --without-maximum-compile-warnings --cache-file=/dev/null --srcdir=.

## --------- ##
## Platform. ##
## --------- ##

hostname = osboxes
uname -m = x86_64
uname -r = 5.0.0-13-generic
uname -s = Linux
uname -v = #14-Ubuntu SMP Mon Apr 15 14:59:14 UTC 2019

/usr/bin/uname -p = x86_64
/bin/uname -X     = unknown

/bin/arch              = x86_64
/usr/bin/arch -k       = unknown
/usr/convex/getsysinfo = unknown
/usr/bin/hostinfo      = unknown
/bin/machine           = unknown
/usr/bin/oslevel       = unknown
/bin/universe          = unknown

PATH: /usr/local/sbin
PATH: /usr/local/bin
PATH: /usr/sbin
PATH: /usr/bin
PATH: /sbin
PATH: /bin
PATH: /usr/games
PATH: /usr/local/games


## ----------- ##
## Core tests. ##
## ----------- ##

configure:2105: Configuring ccache
configure:2159: checking for gcc
configure:2175: found /usr/bin/gcc
configure:2186: result: gcc
configure:2415: checking for C compiler version
configure:2424: gcc --version >&5
gcc (Ubuntu 8.3.0-6ubuntu1) 8.3.0
Copyright (C) 2018 Free Software Foundation, Inc.
This is free software; see the source for copying conditions.  There is NO
warranty; not even for MERCHANTABILITY or FITNESS FOR A PARTICULAR PURPOSE.

configure:2435: $? = 0
configure:2424: gcc -v >&5
Using built-in specs.
COLLECT_GCC=gcc
COLLECT_LTO_WRAPPER=/usr/lib/gcc/x86_64-linux-gnu/8/lto-wrapper
OFFLOAD_TARGET_NAMES=nvptx-none
OFFLOAD_TARGET_DEFAULT=1
Target: x86_64-linux-gnu
Configured with: ../src/configure -v --with-pkgversion='Ubuntu 8.3.0-6ubuntu1' --with-bugurl=file:///usr/share/doc/gcc-8/README.Bugs --enable-languages=c,ada,c++,go,brig,d,fortran,objc,obj-c++ --prefix=/usr --with-gcc-major-version-only --program-suffix=-8 --program-prefix=x86_64-linux-gnu- --enable-shared --enable-linker-build-id --libexecdir=/usr/lib --without-included-gettext --enable-threads=posix --libdir=/usr/lib --enable-nls --enable-bootstrap --enable-clocale=gnu --enable-libstdcxx-debug --enable-libstdcxx-time=yes --with-default-libstdcxx-abi=new --enable-gnu-unique-object --disable-vtable-verify --enable-libmpx --enable-plugin --enable-default-pie --with-system-zlib --with-target-system-zlib --enable-objc-gc=auto --enable-multiarch --disable-werror --with-arch-32=i686 --with-abi=m64 --with-multilib-list=m32,m64,mx32 --enable-multilib --with-tune=generic --enable-offload-targets=nvptx-none --without-cuda-driver --enable-checking=release --build=x86_64-linux-gnu --host=x86_64-linux-gnu --target=x86_64-linux-gnu
Thread model: posix
gcc version 8.3.0 (Ubuntu 8.3.0-6ubuntu1) 
configure:2435: $? = 0
configure:2424: gcc -V >&5
gcc: error: unrecognized command line option '-V'
gcc: fatal error: no input files
compilation terminated.
configure:2435: $? = 1
configure:2424: gcc -qversion >&5
gcc: error: unrecognized command line option '-qversion'; did you mean '--version'?
gcc: fatal error: no input files
compilation terminated.
configure:2435: $? = 1
configure:2455: checking whether the C compiler works
configure:2477: gcc     conftest.c  >&5
configure:2481: $? = 0
configure:2529: result: yes
configure:2532: checking for C compiler default output file name
configure:2534: result: a.out
configure:2540: checking for suffix of executables
configure:2547: gcc -o conftest     conftest.c  >&5
configure:2551: $? = 0
configure:2573: result: 
configure:2595: checking whether we are cross compiling
configure:2603: gcc -o conftest     conftest.c  >&5
configure:2607: $? = 0
configure:2614: ./conftest
configure:2618: $? = 0
configure:2606: result: no
configure:2611: checking for suffix of object files
configure:2633: gcc -c    conftest.c >&5
configure:2637: $? = 0
configure:2658: result: o
configure:2662: checking whether we are using the GNU C compiler
configure:2681: gcc -c    conftest.c >&5
configure:2681: $? = 0
configure:2690: result: yes
configure:2699: checking whether gcc accepts -g
configure:2719: gcc -c -g   conftest.c >&5
configure:2719: $? = 0
configure:2760: result: yes
configure:2777: checking for gcc option to accept ISO C89
configure:2840: gcc  -c -g -O2   conftest.c >&5
configure:2840: $? = 0
configure:2853: result: none needed
configure:2878: checking how to run the C preprocessor
configure:2909: gcc -E   conftest.c
configure:2909: $? = 0
configure:2923: gcc -E   conftest.c
conftest.c:9:10: fatal error: ac_nonexistent.h: No such file or directory
 #include <ac_nonexistent.h>
          ^~~~~~~~~~~~~~~~~~
compilation terminated.
configure:2923: $? = 1
configure: failed program was:
| /* confdefs.h */
| #define PACKAGE_NAME "ccache-swig"
| #define PACKAGE_TARNAME "ccache-swig"
| #define PACKAGE_VERSION "0.0"
| #define PACKAGE_STRING "ccache-swig 0.0"
| #define PACKAGE_BUGREPORT ""
| #define PACKAGE_URL ""
| /* end confdefs.h.  */
| #include <ac_nonexistent.h>
configure:2948: result: gcc -E
configure:2968: gcc -E   conftest.c
configure:2968: $? = 0
configure:2982: gcc -E   conftest.c
conftest.c:9:10: fatal error: ac_nonexistent.h: No such file or directory
 #include <ac_nonexistent.h>
          ^~~~~~~~~~~~~~~~~~
compilation terminated.
configure:2982: $? = 1
configure: failed program was:
| /* confdefs.h */
| #define PACKAGE_NAME "ccache-swig"
| #define PACKAGE_TARNAME "ccache-swig"
| #define PACKAGE_VERSION "0.0"
| #define PACKAGE_STRING "ccache-swig 0.0"
| #define PACKAGE_BUGREPORT ""
| #define PACKAGE_URL ""
| /* end confdefs.h.  */
| #include <ac_nonexistent.h>
configure:3053: checking for a BSD-compatible install
configure:3121: result: /usr/bin/install -c
configure:3159: checking for dirent.h that defines DIR
configure:3178: gcc -c -g -O2 -Wall -W   conftest.c >&5
configure:3178: $? = 0
configure:3186: result: yes
configure:3199: checking for library containing opendir
configure:3230: gcc -o conftest -g -O2 -Wall -W    conftest.c  >&5
configure:3230: $? = 0
configure:3247: result: none required
configure:3314: checking whether time.h and sys/time.h may both be included
configure:3334: gcc -c -g -O2 -Wall -W   conftest.c >&5
configure:3334: $? = 0
configure:3341: result: yes
configure:3349: checking for sys/wait.h that is POSIX.1 compatible
configure:3375: gcc -c -g -O2 -Wall -W   conftest.c >&5
configure:3375: $? = 0
configure:3382: result: yes
configure:3392: checking for grep that handles long lines and -e
configure:3450: result: /usr/bin/grep
configure:3455: checking for egrep
configure:3517: result: /usr/bin/grep -E
configure:3522: checking for ANSI C header files
configure:3542: gcc -c -g -O2 -Wall -W   conftest.c >&5
configure:3542: $? = 0
configure:3615: gcc -o conftest -g -O2 -Wall -W    conftest.c  >&5
configure:3615: $? = 0
configure:3615: ./conftest
configure:3615: $? = 0
configure:3626: result: yes
configure:3639: checking for sys/types.h
configure:3639: gcc -c -g -O2 -Wall -W   conftest.c >&5
configure:3639: $? = 0
configure:3639: result: yes
configure:3639: checking for sys/stat.h
configure:3639: gcc -c -g -O2 -Wall -W   conftest.c >&5
configure:3639: $? = 0
configure:3639: result: yes
configure:3639: checking for stdlib.h
configure:3639: gcc -c -g -O2 -Wall -W   conftest.c >&5
configure:3639: $? = 0
configure:3639: result: yes
configure:3639: checking for string.h
configure:3639: gcc -c -g -O2 -Wall -W   conftest.c >&5
configure:3639: $? = 0
configure:3639: result: yes
configure:3639: checking for memory.h
configure:3639: gcc -c -g -O2 -Wall -W   conftest.c >&5
configure:3639: $? = 0
configure:3639: result: yes
configure:3639: checking for strings.h
configure:3639: gcc -c -g -O2 -Wall -W   conftest.c >&5
configure:3639: $? = 0
configure:3639: result: yes
configure:3639: checking for inttypes.h
configure:3639: gcc -c -g -O2 -Wall -W   conftest.c >&5
configure:3639: $? = 0
configure:3639: result: yes
configure:3639: checking for stdint.h
configure:3639: gcc -c -g -O2 -Wall -W   conftest.c >&5
configure:3639: $? = 0
configure:3639: result: yes
configure:3639: checking for unistd.h
configure:3639: gcc -c -g -O2 -Wall -W   conftest.c >&5
configure:3639: $? = 0
configure:3639: result: yes
configure:3654: checking ctype.h usability
configure:3654: gcc -c -g -O2 -Wall -W   conftest.c >&5
configure:3654: $? = 0
configure:3654: result: yes
configure:3654: checking ctype.h presence
configure:3654: gcc -E   conftest.c
configure:3654: $? = 0
configure:3654: result: yes
configure:3654: checking for ctype.h
configure:3654: result: yes
configure:3654: checking for strings.h
configure:3654: result: yes
configure:3654: checking for stdlib.h
configure:3654: result: yes
configure:3654: checking for string.h
configure:3654: result: yes
configure:3654: checking pwd.h usability
configure:3654: gcc -c -g -O2 -Wall -W   conftest.c >&5
configure:3654: $? = 0
configure:3654: result: yes
configure:3654: checking pwd.h presence
configure:3654: gcc -E   conftest.c
configure:3654: $? = 0
configure:3654: result: yes
configure:3654: checking for pwd.h
configure:3654: result: yes
configure:3654: checking sys/time.h usability
configure:3654: gcc -c -g -O2 -Wall -W   conftest.c >&5
configure:3654: $? = 0
configure:3654: result: yes
configure:3654: checking sys/time.h presence
configure:3654: gcc -E   conftest.c
configure:3654: $? = 0
configure:3654: result: yes
configure:3654: checking for sys/time.h
configure:3654: result: yes
configure:3668: checking for realpath
configure:3668: gcc -o conftest -g -O2 -Wall -W    conftest.c  >&5
configure:3668: $? = 0
configure:3668: result: yes
configure:3668: checking for snprintf
configure:3668: gcc -o conftest -g -O2 -Wall -W    conftest.c  >&5
conftest.c:53:6: warning: conflicting types for built-in function 'snprintf' [-Wbuiltin-declaration-mismatch]
 char snprintf ();
      ^~~~~~~~
configure:3668: $? = 0
configure:3668: result: yes
configure:3668: checking for vsnprintf
configure:3668: gcc -o conftest -g -O2 -Wall -W    conftest.c  >&5
conftest.c:54:6: warning: conflicting types for built-in function 'vsnprintf' [-Wbuiltin-declaration-mismatch]
 char vsnprintf ();
      ^~~~~~~~~
configure:3668: $? = 0
configure:3668: result: yes
configure:3668: checking for vasprintf
configure:3668: gcc -o conftest -g -O2 -Wall -W    conftest.c  >&5
configure:3668: $? = 0
configure:3668: result: yes
configure:3668: checking for asprintf
configure:3668: gcc -o conftest -g -O2 -Wall -W    conftest.c  >&5
configure:3668: $? = 0
configure:3668: result: yes
configure:3668: checking for mkstemp
configure:3668: gcc -o conftest -g -O2 -Wall -W    conftest.c  >&5
configure:3668: $? = 0
configure:3668: result: yes
configure:3680: checking for gethostname
configure:3680: gcc -o conftest -g -O2 -Wall -W    conftest.c  >&5
configure:3680: $? = 0
configure:3680: result: yes
configure:3680: checking for getpwuid
configure:3680: gcc -o conftest -g -O2 -Wall -W    conftest.c  >&5
configure:3680: $? = 0
configure:3680: result: yes
configure:3691: checking for utimes
configure:3691: gcc -o conftest -g -O2 -Wall -W    conftest.c  >&5
configure:3691: $? = 0
configure:3691: result: yes
configure:3701: checking for compar_fn_t in stdlib.h
configure:3720: gcc -c -g -O2 -Wall -W   conftest.c >&5
conftest.c: In function 'test_fn':
conftest.c:43:22: warning: null argument where non-null required (argument 1) [-Wnonnull]
 void test_fn(void) { qsort(NULL, 0, 0, (__compar_fn_t)NULL); }
                      ^~~~~
conftest.c:43:22: warning: null argument where non-null required (argument 4) [-Wnonnull]
At top level:
conftest.c:43:6: warning: 'test_fn' defined but not used [-Wunused-function]
 void test_fn(void) { qsort(NULL, 0, 0, (__compar_fn_t)NULL); }
      ^~~~~~~
configure:3720: $? = 0
configure:3727: result: yes
configure:3735: checking for C99 vsnprintf
configure:3766: gcc -o conftest -g -O2 -Wall -W    conftest.c  >&5
conftest.c: In function 'foo':
conftest.c:48:14: warning: implicit declaration of function 'vsnprintf' [-Wimplicit-function-declaration]
        len = vsnprintf(0, 0, format, ap);
              ^~~~~~~~~
conftest.c:50:22: warning: implicit declaration of function 'exit' [-Wimplicit-function-declaration]
        if (len != 5) exit(1);
                      ^~~~
conftest.c:50:22: warning: incompatible implicit declaration of built-in function 'exit'
conftest.c:50:22: note: include '<stdlib.h>' or provide a declaration of 'exit'
conftest.c:42:1:
+#include <stdlib.h>
 void foo(const char *format, ...) {
conftest.c:50:22:
        if (len != 5) exit(1);
                      ^~~~
conftest.c:52:12: warning: implicit declaration of function 'snprintf' [-Wimplicit-function-declaration]
        if (snprintf(buf, 3, "hello") != 5 || strcmp(buf, "he") != 0) exit(1);
            ^~~~~~~~
conftest.c:52:12: warning: incompatible implicit declaration of built-in function 'snprintf'
conftest.c:52:12: note: include '<stdio.h>' or provide a declaration of 'snprintf'
conftest.c:42:1:
+#include <stdio.h>
 void foo(const char *format, ...) {
conftest.c:52:12:
        if (snprintf(buf, 3, "hello") != 5 || strcmp(buf, "he") != 0) exit(1);
            ^~~~~~~~
conftest.c:52:46: warning: implicit declaration of function 'strcmp' [-Wimplicit-function-declaration]
        if (snprintf(buf, 3, "hello") != 5 || strcmp(buf, "he") != 0) exit(1);
                                              ^~~~~~
conftest.c:52:70: warning: incompatible implicit declaration of built-in function 'exit'
        if (snprintf(buf, 3, "hello") != 5 || strcmp(buf, "he") != 0) exit(1);
                                                                      ^~~~
conftest.c:52:70: note: include '<stdlib.h>' or provide a declaration of 'exit'
conftest.c:54:8: warning: incompatible implicit declaration of built-in function 'exit'
        exit(0);
        ^~~~
conftest.c:54:8: note: include '<stdlib.h>' or provide a declaration of 'exit'
conftest.c: At top level:
conftest.c:56:1: warning: return type defaults to 'int' [-Wimplicit-int]
 main() { foo("hello"); }
 ^~~~
conftest.c: In function 'foo':
conftest.c:52:12: warning: 'hello' directive output truncated writing 5 bytes into a region of size 3 [-Wformat-truncation=]
        if (snprintf(buf, 3, "hello") != 5 || strcmp(buf, "he") != 0) exit(1);
            ^~~~~~~~~~~~~~~~~~~~~~~~~
conftest.c:52:12: note: 'snprintf' output 6 bytes into a destination of size 3
configure:3766: $? = 0
configure:3766: ./conftest
configure:3766: $? = 0
configure:3776: result: yes
configure:3793: checking zlib.h usability
configure:3793: gcc -c -g -O2 -Wall -W   conftest.c >&5
conftest.c:73:10: fatal error: zlib.h: No such file or directory
 #include <zlib.h>
          ^~~~~~~~
compilation terminated.
configure:3793: $? = 1
configure: failed program was:
| /* confdefs.h */
| #define PACKAGE_NAME "ccache-swig"
| #define PACKAGE_TARNAME "ccache-swig"
| #define PACKAGE_VERSION "0.0"
| #define PACKAGE_STRING "ccache-swig 0.0"
| #define PACKAGE_BUGREPORT ""
| #define PACKAGE_URL ""
| #define _GNU_SOURCE 1
| #define HAVE_DIRENT_H 1
| #define TIME_WITH_SYS_TIME 1
| #define HAVE_SYS_WAIT_H 1
| #define STDC_HEADERS 1
| #define HAVE_SYS_TYPES_H 1
| #define HAVE_SYS_STAT_H 1
| #define HAVE_STDLIB_H 1
| #define HAVE_STRING_H 1
| #define HAVE_MEMORY_H 1
| #define HAVE_STRINGS_H 1
| #define HAVE_INTTYPES_H 1
| #define HAVE_STDINT_H 1
| #define HAVE_UNISTD_H 1
| #define HAVE_CTYPE_H 1
| #define HAVE_STRINGS_H 1
| #define HAVE_STDLIB_H 1
| #define HAVE_STRING_H 1
| #define HAVE_PWD_H 1
| #define HAVE_SYS_TIME_H 1
| #define HAVE_REALPATH 1
| #define HAVE_SNPRINTF 1
| #define HAVE_VSNPRINTF 1
| #define HAVE_VASPRINTF 1
| #define HAVE_ASPRINTF 1
| #define HAVE_MKSTEMP 1
| #define HAVE_GETHOSTNAME 1
| #define HAVE_GETPWUID 1
| #define HAVE_UTIMES 1
| #define HAVE_COMPAR_FN_T 1
| #define HAVE_C99_VSNPRINTF 1
| /* end confdefs.h.  */
| #include <stdio.h>
| #ifdef HAVE_SYS_TYPES_H
| # include <sys/types.h>
| #endif
| #ifdef HAVE_SYS_STAT_H
| # include <sys/stat.h>
| #endif
| #ifdef STDC_HEADERS
| # include <stdlib.h>
| # include <stddef.h>
| #else
| # ifdef HAVE_STDLIB_H
| #  include <stdlib.h>
| # endif
| #endif
| #ifdef HAVE_STRING_H
| # if !defined STDC_HEADERS && defined HAVE_MEMORY_H
| #  include <memory.h>
| # endif
| # include <string.h>
| #endif
| #ifdef HAVE_STRINGS_H
| # include <strings.h>
| #endif
| #ifdef HAVE_INTTYPES_H
| # include <inttypes.h>
| #endif
| #ifdef HAVE_STDINT_H
| # include <stdint.h>
| #endif
| #ifdef HAVE_UNISTD_H
| # include <unistd.h>
| #endif
| #include <zlib.h>
configure:3793: result: no
configure:3793: checking zlib.h presence
configure:3793: gcc -E   conftest.c
conftest.c:40:10: fatal error: zlib.h: No such file or directory
 #include <zlib.h>
          ^~~~~~~~
compilation terminated.
configure:3793: $? = 1
configure: failed program was:
| /* confdefs.h */
| #define PACKAGE_NAME "ccache-swig"
| #define PACKAGE_TARNAME "ccache-swig"
| #define PACKAGE_VERSION "0.0"
| #define PACKAGE_STRING "ccache-swig 0.0"
| #define PACKAGE_BUGREPORT ""
| #define PACKAGE_URL ""
| #define _GNU_SOURCE 1
| #define HAVE_DIRENT_H 1
| #define TIME_WITH_SYS_TIME 1
| #define HAVE_SYS_WAIT_H 1
| #define STDC_HEADERS 1
| #define HAVE_SYS_TYPES_H 1
| #define HAVE_SYS_STAT_H 1
| #define HAVE_STDLIB_H 1
| #define HAVE_STRING_H 1
| #define HAVE_MEMORY_H 1
| #define HAVE_STRINGS_H 1
| #define HAVE_INTTYPES_H 1
| #define HAVE_STDINT_H 1
| #define HAVE_UNISTD_H 1
| #define HAVE_CTYPE_H 1
| #define HAVE_STRINGS_H 1
| #define HAVE_STDLIB_H 1
| #define HAVE_STRING_H 1
| #define HAVE_PWD_H 1
| #define HAVE_SYS_TIME_H 1
| #define HAVE_REALPATH 1
| #define HAVE_SNPRINTF 1
| #define HAVE_VSNPRINTF 1
| #define HAVE_VASPRINTF 1
| #define HAVE_ASPRINTF 1
| #define HAVE_MKSTEMP 1
| #define HAVE_GETHOSTNAME 1
| #define HAVE_GETPWUID 1
| #define HAVE_UTIMES 1
| #define HAVE_COMPAR_FN_T 1
| #define HAVE_C99_VSNPRINTF 1
| /* end confdefs.h.  */
| #include <zlib.h>
configure:3793: result: no
configure:3793: checking for zlib.h
configure:3793: result: no
configure:3951: creating ./config.status

## ---------------------- ##
## Running config.status. ##
## ---------------------- ##

This file was extended by ccache-swig config.status 0.0, which was
generated by GNU Autoconf 2.69.  Invocation command line was

  CONFIG_FILES    = 
  CONFIG_HEADERS  = 
  CONFIG_LINKS    = 
  CONFIG_COMMANDS = 
  $ ./config.status 

on osboxes

config.status:819: creating Makefile
config.status:819: creating config.h
config.status:994: config.h is unchanged

## ---------------- ##
## Cache variables. ##
## ---------------- ##

ac_cv_c_compiler_gnu=yes
ac_cv_env_CC_set=
ac_cv_env_CC_value=
ac_cv_env_CFLAGS_set=
ac_cv_env_CFLAGS_value=
ac_cv_env_CPPFLAGS_set=set
ac_cv_env_CPPFLAGS_value=' '
ac_cv_env_CPP_set=
ac_cv_env_CPP_value=
ac_cv_env_LDFLAGS_set=set
ac_cv_env_LDFLAGS_value=
ac_cv_env_LIBS_set=
ac_cv_env_LIBS_value=
ac_cv_env_build_alias_set=
ac_cv_env_build_alias_value=
ac_cv_env_host_alias_set=
ac_cv_env_host_alias_value=
ac_cv_env_target_alias_set=
ac_cv_env_target_alias_value=
ac_cv_func_asprintf=yes
ac_cv_func_gethostname=yes
ac_cv_func_getpwuid=yes
ac_cv_func_mkstemp=yes
ac_cv_func_realpath=yes
ac_cv_func_snprintf=yes
ac_cv_func_utimes=yes
ac_cv_func_vasprintf=yes
ac_cv_func_vsnprintf=yes
ac_cv_header_ctype_h=yes
ac_cv_header_dirent_dirent_h=yes
ac_cv_header_inttypes_h=yes
ac_cv_header_memory_h=yes
ac_cv_header_pwd_h=yes
ac_cv_header_stdc=yes
ac_cv_header_stdint_h=yes
ac_cv_header_stdlib_h=yes
ac_cv_header_string_h=yes
ac_cv_header_strings_h=yes
ac_cv_header_sys_stat_h=yes
ac_cv_header_sys_time_h=yes
ac_cv_header_sys_types_h=yes
ac_cv_header_sys_wait_h=yes
ac_cv_header_time=yes
ac_cv_header_unistd_h=yes
ac_cv_header_zlib_h=no
ac_cv_objext=o
ac_cv_path_EGREP='/usr/bin/grep -E'
ac_cv_path_GREP=/usr/bin/grep
ac_cv_path_install='/usr/bin/install -c'
ac_cv_prog_CPP='gcc -E'
ac_cv_prog_ac_ct_CC=gcc
ac_cv_prog_cc_c89=
ac_cv_prog_cc_g=yes
ac_cv_search_opendir='none required'
ccache_cv_COMPAR_FN_T=yes
ccache_cv_HAVE_C99_VSNPRINTF=yes

## ----------------- ##
## Output variables. ##
## ----------------- ##

CC='gcc'
CFLAGS='-g -O2 -Wall -W'
CPP='gcc -E'
CPPFLAGS=' '
DEFS='-DHAVE_CONFIG_H'
ECHO_C=''
ECHO_N='-n'
ECHO_T=''
EGREP='/usr/bin/grep -E'
EXEEXT=''
GREP='/usr/bin/grep'
INSTALL_DATA='${INSTALL} -m 644'
INSTALL_PROGRAM='${INSTALL}'
INSTALL_SCRIPT='${INSTALL}'
LDFLAGS=''
LIBOBJS=''
LIBS=''
LTLIBOBJS=''
OBJEXT='o'
PACKAGE_BUGREPORT=''
PACKAGE_NAME='ccache-swig'
PACKAGE_STRING='ccache-swig 0.0'
PACKAGE_TARNAME='ccache-swig'
PACKAGE_URL=''
PACKAGE_VERSION='0.0'
PATH_SEPARATOR=':'
SHELL='/bin/bash'
ac_ct_CC='gcc'
bindir='${exec_prefix}/bin'
build_alias=''
datadir='${datarootdir}'
datarootdir='${prefix}/share'
docdir='${datarootdir}/doc/${PACKAGE_TARNAME}'
dvidir='${docdir}'
exec_prefix='${prefix}'
host_alias=''
htmldir='${docdir}'
includedir='${prefix}/include'
infodir='${datarootdir}/info'
libdir='${exec_prefix}/lib'
libexecdir='${exec_prefix}/libexec'
localedir='${datarootdir}/locale'
localstatedir='${prefix}/var'
mandir='${datarootdir}/man'
oldincludedir='/usr/include'
pdfdir='${docdir}'
prefix='/usr'
program_transform_name='s,x,x,'
psdir='${docdir}'
runstatedir='${localstatedir}/run'
sbindir='${exec_prefix}/sbin'
sharedstatedir='${prefix}/com'
sysconfdir='${prefix}/etc'
target_alias=''

## ----------- ##
## confdefs.h. ##
## ----------- ##

/* confdefs.h */
#define PACKAGE_NAME "ccache-swig"
#define PACKAGE_TARNAME "ccache-swig"
#define PACKAGE_VERSION "0.0"
#define PACKAGE_STRING "ccache-swig 0.0"
#define PACKAGE_BUGREPORT ""
#define PACKAGE_URL ""
#define _GNU_SOURCE 1
#define HAVE_DIRENT_H 1
#define TIME_WITH_SYS_TIME 1
#define HAVE_SYS_WAIT_H 1
#define STDC_HEADERS 1
#define HAVE_SYS_TYPES_H 1
#define HAVE_SYS_STAT_H 1
#define HAVE_STDLIB_H 1
#define HAVE_STRING_H 1
#define HAVE_MEMORY_H 1
#define HAVE_STRINGS_H 1
#define HAVE_INTTYPES_H 1
#define HAVE_STDINT_H 1
#define HAVE_UNISTD_H 1
#define HAVE_CTYPE_H 1
#define HAVE_STRINGS_H 1
#define HAVE_STDLIB_H 1
#define HAVE_STRING_H 1
#define HAVE_PWD_H 1
#define HAVE_SYS_TIME_H 1
#define HAVE_REALPATH 1
#define HAVE_SNPRINTF 1
#define HAVE_VSNPRINTF 1
#define HAVE_VASPRINTF 1
#define HAVE_ASPRINTF 1
#define HAVE_MKSTEMP 1
#define HAVE_GETHOSTNAME 1
#define HAVE_GETPWUID 1
#define HAVE_UTIMES 1
#define HAVE_COMPAR_FN_T 1
#define HAVE_C99_VSNPRINTF 1

configure: exit 0
