This file contains any messages produced by compilers while
running configure, to aid debugging if configure makes a mistake.

It was created by swig configure 3.0.10, which was
generated by GNU Autoconf 2.69.  Invocation command line was

  $ ./configure --prefix=/usr --without-clisp --without-maximum-compile-warnings

## --------- ##
## Platform. ##
## --------- ##

hostname = osboxes
uname -m = x86_64
uname -r = 5.0.0-13-generic
uname -s = Linux
uname -v = #14-Ubuntu SMP Mon Apr 15 14:59:14 UTC 2019

/usr/bin/uname -p = x86_64
/bin/uname -X     = unknown

/bin/arch              = x86_64
/usr/bin/arch -k       = unknown
/usr/convex/getsysinfo = unknown
/usr/bin/hostinfo      = unknown
/bin/machine           = unknown
/usr/bin/oslevel       = unknown
/bin/universe          = unknown

PATH: /usr/local/sbin
PATH: /usr/local/bin
PATH: /usr/sbin
PATH: /usr/bin
PATH: /sbin
PATH: /bin
PATH: /usr/games
PATH: /usr/local/games


## ----------- ##
## Core tests. ##
## ----------- ##

configure:2820: checking build system type
configure:2834: result: x86_64-pc-linux-gnu
configure:2854: checking host system type
configure:2867: result: x86_64-pc-linux-gnu
configure:2903: checking for a BSD-compatible install
configure:2971: result: /usr/bin/install -c
configure:2982: checking whether build environment is sane
configure:3037: result: yes
configure:3186: checking for a thread-safe mkdir -p
configure:3225: result: /usr/bin/mkdir -p
configure:3232: checking for gawk
configure:3262: result: no
configure:3232: checking for mawk
configure:3248: found /usr/bin/mawk
configure:3259: result: mawk
configure:3270: checking whether make sets $(MAKE)
configure:3292: result: yes
configure:3321: checking whether make supports nested variables
configure:3338: result: yes
configure:3515: checking for gcc
configure:3531: found /usr/bin/gcc
configure:3542: result: gcc
configure:3771: checking for C compiler version
configure:3780: gcc --version >&5
gcc (Ubuntu 8.3.0-6ubuntu1) 8.3.0
Copyright (C) 2018 Free Software Foundation, Inc.
This is free software; see the source for copying conditions.  There is NO
warranty; not even for MERCHANTABILITY or FITNESS FOR A PARTICULAR PURPOSE.

configure:3791: $? = 0
configure:3780: gcc -v >&5
Using built-in specs.
COLLECT_GCC=gcc
COLLECT_LTO_WRAPPER=/usr/lib/gcc/x86_64-linux-gnu/8/lto-wrapper
OFFLOAD_TARGET_NAMES=nvptx-none
OFFLOAD_TARGET_DEFAULT=1
Target: x86_64-linux-gnu
Configured with: ../src/configure -v --with-pkgversion='Ubuntu 8.3.0-6ubuntu1' --with-bugurl=file:///usr/share/doc/gcc-8/README.Bugs --enable-languages=c,ada,c++,go,brig,d,fortran,objc,obj-c++ --prefix=/usr --with-gcc-major-version-only --program-suffix=-8 --program-prefix=x86_64-linux-gnu- --enable-shared --enable-linker-build-id --libexecdir=/usr/lib --without-included-gettext --enable-threads=posix --libdir=/usr/lib --enable-nls --enable-bootstrap --enable-clocale=gnu --enable-libstdcxx-debug --enable-libstdcxx-time=yes --with-default-libstdcxx-abi=new --enable-gnu-unique-object --disable-vtable-verify --enable-libmpx --enable-plugin --enable-default-pie --with-system-zlib --with-target-system-zlib --enable-objc-gc=auto --enable-multiarch --disable-werror --with-arch-32=i686 --with-abi=m64 --with-multilib-list=m32,m64,mx32 --enable-multilib --with-tune=generic --enable-offload-targets=nvptx-none --without-cuda-driver --enable-checking=release --build=x86_64-linux-gnu --host=x86_64-linux-gnu --target=x86_64-linux-gnu
Thread model: posix
gcc version 8.3.0 (Ubuntu 8.3.0-6ubuntu1) 
configure:3791: $? = 0
configure:3780: gcc -V >&5
gcc: error: unrecognized command line option '-V'
gcc: fatal error: no input files
compilation terminated.
configure:3791: $? = 1
configure:3780: gcc -qversion >&5
gcc: error: unrecognized command line option '-qversion'; did you mean '--version'?
gcc: fatal error: no input files
compilation terminated.
configure:3791: $? = 1
configure:3811: checking whether the C compiler works
configure:3833: gcc    conftest.c  >&5
configure:3837: $? = 0
configure:3885: result: yes
configure:3888: checking for C compiler default output file name
configure:3890: result: a.out
configure:3896: checking for suffix of executables
configure:3903: gcc -o conftest    conftest.c  >&5
configure:3907: $? = 0
configure:3929: result: 
configure:3951: checking whether we are cross compiling
configure:3959: gcc -o conftest    conftest.c  >&5
configure:3963: $? = 0
configure:3970: ./conftest
configure:3974: $? = 0
configure:3962: result: no
configure:3967: checking for suffix of object files
configure:3989: gcc -c   conftest.c >&5
configure:3993: $? = 0
configure:4014: result: o
configure:4018: checking whether we are using the GNU C compiler
configure:4037: gcc -c   conftest.c >&5
configure:4037: $? = 0
configure:4046: result: yes
configure:4055: checking whether gcc accepts -g
configure:4075: gcc -c -g  conftest.c >&5
configure:4075: $? = 0
configure:4116: result: yes
configure:4133: checking for gcc option to accept ISO C89
configure:4196: gcc  -c -g -O2  conftest.c >&5
configure:4196: $? = 0
configure:4209: result: none needed
configure:4234: checking whether gcc understands -c and -o together
configure:4256: gcc -c conftest.c -o conftest2.o
configure:4259: $? = 0
configure:4256: gcc -c conftest.c -o conftest2.o
configure:4259: $? = 0
configure:4271: result: yes
configure:4299: checking for style of include used by make
configure:4327: result: GNU
configure:4353: checking dependency style of gcc
configure:4464: result: gcc3
configure:4537: checking for g++
configure:4553: found /usr/bin/g++
configure:4564: result: g++
configure:4591: checking for C++ compiler version
configure:4600: g++ --version >&5
g++ (Ubuntu 8.3.0-6ubuntu1) 8.3.0
Copyright (C) 2018 Free Software Foundation, Inc.
This is free software; see the source for copying conditions.  There is NO
warranty; not even for MERCHANTABILITY or FITNESS FOR A PARTICULAR PURPOSE.

configure:4611: $? = 0
configure:4600: g++ -v >&5
Using built-in specs.
COLLECT_GCC=g++
COLLECT_LTO_WRAPPER=/usr/lib/gcc/x86_64-linux-gnu/8/lto-wrapper
OFFLOAD_TARGET_NAMES=nvptx-none
OFFLOAD_TARGET_DEFAULT=1
Target: x86_64-linux-gnu
Configured with: ../src/configure -v --with-pkgversion='Ubuntu 8.3.0-6ubuntu1' --with-bugurl=file:///usr/share/doc/gcc-8/README.Bugs --enable-languages=c,ada,c++,go,brig,d,fortran,objc,obj-c++ --prefix=/usr --with-gcc-major-version-only --program-suffix=-8 --program-prefix=x86_64-linux-gnu- --enable-shared --enable-linker-build-id --libexecdir=/usr/lib --without-included-gettext --enable-threads=posix --libdir=/usr/lib --enable-nls --enable-bootstrap --enable-clocale=gnu --enable-libstdcxx-debug --enable-libstdcxx-time=yes --with-default-libstdcxx-abi=new --enable-gnu-unique-object --disable-vtable-verify --enable-libmpx --enable-plugin --enable-default-pie --with-system-zlib --with-target-system-zlib --enable-objc-gc=auto --enable-multiarch --disable-werror --with-arch-32=i686 --with-abi=m64 --with-multilib-list=m32,m64,mx32 --enable-multilib --with-tune=generic --enable-offload-targets=nvptx-none --without-cuda-driver --enable-checking=release --build=x86_64-linux-gnu --host=x86_64-linux-gnu --target=x86_64-linux-gnu
Thread model: posix
gcc version 8.3.0 (Ubuntu 8.3.0-6ubuntu1) 
configure:4611: $? = 0
configure:4600: g++ -V >&5
g++: error: unrecognized command line option '-V'
g++: fatal error: no input files
compilation terminated.
configure:4611: $? = 1
configure:4600: g++ -qversion >&5
g++: error: unrecognized command line option '-qversion'; did you mean '--version'?
g++: fatal error: no input files
compilation terminated.
configure:4611: $? = 1
configure:4615: checking whether we are using the GNU C++ compiler
configure:4634: g++ -c   conftest.cpp >&5
configure:4634: $? = 0
configure:4643: result: yes
configure:4652: checking whether g++ accepts -g
configure:4672: g++ -c -g  conftest.cpp >&5
configure:4672: $? = 0
configure:4713: result: yes
configure:4738: checking dependency style of g++
configure:4849: result: gcc3
configure:4869: checking maximum warning verbosity option
configure:4907: result: no
configure:4930: checking how to run the C preprocessor
configure:4961: gcc -E  conftest.c
configure:4961: $? = 0
configure:4975: gcc -E  conftest.c
conftest.c:13:10: fatal error: ac_nonexistent.h: No such file or directory
 #include <ac_nonexistent.h>
          ^~~~~~~~~~~~~~~~~~
compilation terminated.
configure:4975: $? = 1
configure: failed program was:
| /* confdefs.h */
| #define PACKAGE_NAME "swig"
| #define PACKAGE_TARNAME "swig"
| #define PACKAGE_VERSION "3.0.10"
| #define PACKAGE_STRING "swig 3.0.10"
| #define PACKAGE_BUGREPORT "http://www.swig.org"
| #define PACKAGE_URL ""
| #define PACKAGE "swig"
| #define VERSION "3.0.10"
| #define SWIG_CXX "g++"
| #define SWIG_PLATFORM "x86_64-pc-linux-gnu"
| /* end confdefs.h.  */
| #include <ac_nonexistent.h>
configure:5000: result: gcc -E
configure:5020: gcc -E  conftest.c
configure:5020: $? = 0
configure:5034: gcc -E  conftest.c
conftest.c:13:10: fatal error: ac_nonexistent.h: No such file or directory
 #include <ac_nonexistent.h>
          ^~~~~~~~~~~~~~~~~~
compilation terminated.
configure:5034: $? = 1
configure: failed program was:
| /* confdefs.h */
| #define PACKAGE_NAME "swig"
| #define PACKAGE_TARNAME "swig"
| #define PACKAGE_VERSION "3.0.10"
| #define PACKAGE_STRING "swig 3.0.10"
| #define PACKAGE_BUGREPORT "http://www.swig.org"
| #define PACKAGE_URL ""
| #define PACKAGE "swig"
| #define VERSION "3.0.10"
| #define SWIG_CXX "g++"
| #define SWIG_PLATFORM "x86_64-pc-linux-gnu"
| /* end confdefs.h.  */
| #include <ac_nonexistent.h>
configure:5063: checking for grep that handles long lines and -e
configure:5121: result: /usr/bin/grep
configure:5126: checking for egrep
configure:5188: result: /usr/bin/grep -E
configure:5193: checking for ANSI C header files
configure:5213: gcc -c -g -O2  conftest.c >&5
configure:5213: $? = 0
configure:5286: gcc -o conftest -g -O2   conftest.c  >&5
configure:5286: $? = 0
configure:5286: ./conftest
configure:5286: $? = 0
configure:5297: result: yes
configure:5316: checking for popen
configure:5316: gcc -o conftest -g -O2   conftest.c  >&5
configure:5316: $? = 0
configure:5316: result: yes
configure:5340: checking whether to enable PCRE support
configure:5342: result: yes
configure:5346: checking whether to use local PCRE
configure:5355: result: no
configure:5358: checking for a sed that does not truncate output
configure:5422: result: /usr/bin/sed
configure:5492: checking for pcre-config
configure:5510: found /usr/bin/pcre-config
configure:5522: result: /usr/bin/pcre-config
configure:5692: checking whether to enable ccache-swig
configure:5694: result: yes
configure:5716: checking for bison
configure:5746: result: no
configure:5716: checking for byacc
configure:5746: result: no
configure:5811: checking for boostlib >= 1.20.0
configure:5894: g++ -c -g -O2    conftest.cpp >&5
conftest.cpp:17:14: fatal error: boost/version.hpp: No such file or directory
     #include <boost/version.hpp>
              ^~~~~~~~~~~~~~~~~~~
compilation terminated.
configure:5894: $? = 1
configure: failed program was:
| /* confdefs.h */
| #define PACKAGE_NAME "swig"
| #define PACKAGE_TARNAME "swig"
| #define PACKAGE_VERSION "3.0.10"
| #define PACKAGE_STRING "swig 3.0.10"
| #define PACKAGE_BUGREPORT "http://www.swig.org"
| #define PACKAGE_URL ""
| #define PACKAGE "swig"
| #define VERSION "3.0.10"
| #define SWIG_CXX "g++"
| #define SWIG_PLATFORM "x86_64-pc-linux-gnu"
| #define STDC_HEADERS 1
| #define HAVE_POPEN 1
| #define HAVE_PCRE 1
| /* end confdefs.h.  */
| 
|     #include <boost/version.hpp>
| 
| int
| main ()
| {
| 
|     #if BOOST_VERSION >= 102000
|     // Everything is okay
|     #else
|     #  error Boost version is too old
|     #endif
| 
|   ;
|   return 0;
| }
configure:6009: g++ -c -g -O2   -I/include/boost-0 conftest.cpp >&5
conftest.cpp:17:18: fatal error: boost/version.hpp: No such file or directory
         #include <boost/version.hpp>
                  ^~~~~~~~~~~~~~~~~~~
compilation terminated.
configure:6009: $? = 1
configure: failed program was:
| /* confdefs.h */
| #define PACKAGE_NAME "swig"
| #define PACKAGE_TARNAME "swig"
| #define PACKAGE_VERSION "3.0.10"
| #define PACKAGE_STRING "swig 3.0.10"
| #define PACKAGE_BUGREPORT "http://www.swig.org"
| #define PACKAGE_URL ""
| #define PACKAGE "swig"
| #define VERSION "3.0.10"
| #define SWIG_CXX "g++"
| #define SWIG_PLATFORM "x86_64-pc-linux-gnu"
| #define STDC_HEADERS 1
| #define HAVE_POPEN 1
| #define HAVE_PCRE 1
| /* end confdefs.h.  */
| 
|         #include <boost/version.hpp>
| 
| int
| main ()
| {
| 
|         #if BOOST_VERSION >= 102000
|         // Everything is okay
|         #else
|         #  error Boost version is too old
|         #endif
| 
|   ;
|   return 0;
| }
configure:6028: We could not detect the boost libraries (version 1.20 or higher). If you have a staged boost library (still not installed) please specify $BOOST_ROOT in your environment and do not give a PATH to --with-boost option.  If you are sure you have boost installed, then check your version number looking in <boost/version.hpp>. See http://randspringer.de/boost for more documentation.
configure:6059: ISYSTEM: -isystem 
configure:6064: checking SO
configure:6075: result: .so
configure:6082: checking LDSHARED
configure:6131: result: gcc -shared
configure:6137: checking CXXSHARED
configure:6143: result: gcc -shared
configure:6147: checking TRYLINKINGWITHCXX
configure:6172: result: CXXSHARED= g++ -shared 
configure:6176: checking CCSHARED
configure:6197: result: -fpic
configure:6201: checking RPATH
configure:6212: result: -Xlinker -rpath $(exec_prefix)/lib -Xlinker -rpath .
configure:6218: checking LINKFORSHARED
configure:6232: result: -Xlinker -export-dynamic
configure:6236: checking PLATCFLAGS
configure:6246: result: 
configure:6257: checking whether to enable C++11 testing
configure:6259: result: no
configure:6456: checking for dlopen in -ldl
configure:6481: gcc -o conftest -g -O2    conftest.c -ldl   -lpcre >&5
configure:6481: $? = 0
configure:6490: result: yes
configure:6501: checking for shl_load in -ldld
configure:6526: gcc -o conftest -g -O2    conftest.c -ldld  -ldl  -lpcre >&5
/usr/bin/ld: cannot find -ldld
collect2: error: ld returned 1 exit status
configure:6526: $? = 1
configure: failed program was:
| /* confdefs.h */
| #define PACKAGE_NAME "swig"
| #define PACKAGE_TARNAME "swig"
| #define PACKAGE_VERSION "3.0.10"
| #define PACKAGE_STRING "swig 3.0.10"
| #define PACKAGE_BUGREPORT "http://www.swig.org"
| #define PACKAGE_URL ""
| #define PACKAGE "swig"
| #define VERSION "3.0.10"
| #define SWIG_CXX "g++"
| #define SWIG_PLATFORM "x86_64-pc-linux-gnu"
| #define STDC_HEADERS 1
| #define HAVE_POPEN 1
| #define HAVE_PCRE 1
| #define HAVE_LIBDL 1
| /* end confdefs.h.  */
| 
| /* Override any GCC internal prototype to avoid an error.
|    Use char because int might match the return type of a GCC
|    builtin and then its argument prototype would still apply.  */
| #ifdef __cplusplus
| extern "C"
| #endif
| char shl_load ();
| int
| main ()
| {
| return shl_load ();
|   ;
|   return 0;
| }
configure:6535: result: no
configure:6547: checking for library containing t_open
configure:6578: gcc -o conftest -g -O2    conftest.c -ldl  -lpcre >&5
/usr/bin/ld: /tmp/ccHAb2fa.o: in function `main':
/home/osboxes/Desktop/snowboy/a/swig-3.0.10/conftest.c:28: undefined reference to `t_open'
collect2: error: ld returned 1 exit status
configure:6578: $? = 1
configure: failed program was:
| /* confdefs.h */
| #define PACKAGE_NAME "swig"
| #define PACKAGE_TARNAME "swig"
| #define PACKAGE_VERSION "3.0.10"
| #define PACKAGE_STRING "swig 3.0.10"
| #define PACKAGE_BUGREPORT "http://www.swig.org"
| #define PACKAGE_URL ""
| #define PACKAGE "swig"
| #define VERSION "3.0.10"
| #define SWIG_CXX "g++"
| #define SWIG_PLATFORM "x86_64-pc-linux-gnu"
| #define STDC_HEADERS 1
| #define HAVE_POPEN 1
| #define HAVE_PCRE 1
| #define HAVE_LIBDL 1
| /* end confdefs.h.  */
| 
| /* Override any GCC internal prototype to avoid an error.
|    Use char because int might match the return type of a GCC
|    builtin and then its argument prototype would still apply.  */
| #ifdef __cplusplus
| extern "C"
| #endif
| char t_open ();
| int
| main ()
| {
| return t_open ();
|   ;
|   return 0;
| }
configure:6578: gcc -o conftest -g -O2    conftest.c -lnsl  -ldl  -lpcre >&5
/usr/bin/ld: /tmp/cc0ZbOTg.o: in function `main':
/home/osboxes/Desktop/snowboy/a/swig-3.0.10/conftest.c:28: undefined reference to `t_open'
collect2: error: ld returned 1 exit status
configure:6578: $? = 1
configure: failed program was:
| /* confdefs.h */
| #define PACKAGE_NAME "swig"
| #define PACKAGE_TARNAME "swig"
| #define PACKAGE_VERSION "3.0.10"
| #define PACKAGE_STRING "swig 3.0.10"
| #define PACKAGE_BUGREPORT "http://www.swig.org"
| #define PACKAGE_URL ""
| #define PACKAGE "swig"
| #define VERSION "3.0.10"
| #define SWIG_CXX "g++"
| #define SWIG_PLATFORM "x86_64-pc-linux-gnu"
| #define STDC_HEADERS 1
| #define HAVE_POPEN 1
| #define HAVE_PCRE 1
| #define HAVE_LIBDL 1
| /* end confdefs.h.  */
| 
| /* Override any GCC internal prototype to avoid an error.
|    Use char because int might match the return type of a GCC
|    builtin and then its argument prototype would still apply.  */
| #ifdef __cplusplus
| extern "C"
| #endif
| char t_open ();
| int
| main ()
| {
| return t_open ();
|   ;
|   return 0;
| }
configure:6595: result: no
configure:6603: checking for library containing gethostbyname
configure:6634: gcc -o conftest -g -O2    conftest.c -ldl  -lpcre >&5
configure:6634: $? = 0
configure:6651: result: none required
configure:6659: checking for library containing socket
configure:6690: gcc -o conftest -g -O2    conftest.c -ldl  -lpcre >&5
configure:6690: $? = 0
configure:6707: result: none required
configure:6716: checking for swill_init in -lswill
configure:6741: gcc -o conftest -g -O2    conftest.c -lswill  -ldl  -lpcre >&5
/usr/bin/ld: cannot find -lswill
collect2: error: ld returned 1 exit status
configure:6741: $? = 1
configure: failed program was:
| /* confdefs.h */
| #define PACKAGE_NAME "swig"
| #define PACKAGE_TARNAME "swig"
| #define PACKAGE_VERSION "3.0.10"
| #define PACKAGE_STRING "swig 3.0.10"
| #define PACKAGE_BUGREPORT "http://www.swig.org"
| #define PACKAGE_URL ""
| #define PACKAGE "swig"
| #define VERSION "3.0.10"
| #define SWIG_CXX "g++"
| #define SWIG_PLATFORM "x86_64-pc-linux-gnu"
| #define STDC_HEADERS 1
| #define HAVE_POPEN 1
| #define HAVE_PCRE 1
| #define HAVE_LIBDL 1
| /* end confdefs.h.  */
| 
| /* Override any GCC internal prototype to avoid an error.
|    Use char because int might match the return type of a GCC
|    builtin and then its argument prototype would still apply.  */
| #ifdef __cplusplus
| extern "C"
| #endif
| char swill_init ();
| int
| main ()
| {
| return swill_init ();
|   ;
|   return 0;
| }
configure:6750: result: no
configure:6772: checking for main in -lieee
configure:6791: gcc -o conftest -g -O2    conftest.c -lieee  -ldl  -lpcre >&5
/usr/bin/ld: cannot find -lieee
collect2: error: ld returned 1 exit status
configure:6791: $? = 1
configure: failed program was:
| /* confdefs.h */
| #define PACKAGE_NAME "swig"
| #define PACKAGE_TARNAME "swig"
| #define PACKAGE_VERSION "3.0.10"
| #define PACKAGE_STRING "swig 3.0.10"
| #define PACKAGE_BUGREPORT "http://www.swig.org"
| #define PACKAGE_URL ""
| #define PACKAGE "swig"
| #define VERSION "3.0.10"
| #define SWIG_CXX "g++"
| #define SWIG_PLATFORM "x86_64-pc-linux-gnu"
| #define STDC_HEADERS 1
| #define HAVE_POPEN 1
| #define HAVE_PCRE 1
| #define HAVE_LIBDL 1
| /* end confdefs.h.  */
| 
| 
| int
| main ()
| {
| return main ();
|   ;
|   return 0;
| }
configure:6800: result: no
configure:6806: checking for crypt in -lcrypt
configure:6831: gcc -o conftest -g -O2    conftest.c -lcrypt  -ldl  -lpcre >&5
configure:6831: $? = 0
configure:6840: result: yes
configure:6882: checking for pkg-config
configure:6912: result: no
configure:6970: checking for Tcl configuration
configure:6993: result: no
configure:7019: checking for Tcl header files
configure:7026: gcc -E   conftest.c
conftest.c:17:10: fatal error: tcl.h: No such file or directory
 #include <tcl.h>
          ^~~~~~~
compilation terminated.
configure:7026: $? = 1
configure: failed program was:
| /* confdefs.h */
| #define PACKAGE_NAME "swig"
| #define PACKAGE_TARNAME "swig"
| #define PACKAGE_VERSION "3.0.10"
| #define PACKAGE_STRING "swig 3.0.10"
| #define PACKAGE_BUGREPORT "http://www.swig.org"
| #define PACKAGE_URL ""
| #define PACKAGE "swig"
| #define VERSION "3.0.10"
| #define SWIG_CXX "g++"
| #define SWIG_PLATFORM "x86_64-pc-linux-gnu"
| #define STDC_HEADERS 1
| #define HAVE_POPEN 1
| #define HAVE_PCRE 1
| #define HAVE_LIBDL 1
| /* end confdefs.h.  */
| #include <tcl.h>
configure:7044: result: not found
configure:7052: checking for Tcl library
configure:7065: result: not found
configure:7127: checking for python
configure:7143: found /usr/bin/python
configure:7154: result: python
configure:7171: checking for python major version number
configure:7174: result: 2
configure:7179: checking for Python os.name
configure:7182: result: posix
configure:7188: checking for Python prefix
configure:7191: result: /usr
configure:7193: checking for Python exec-prefix
configure:7196: result: /usr
configure:7227: checking for Python version
configure:7233: result: python2.7
configure:7238: checking for Python lib dir
configure:7245: result: lib
configure:7250: checking for Python header files
configure:7260: result: 
configure:7264: checking for Python library directory
configure:7278: result: Not found
configure:7284: checking for Python library
configure:7290: result: -lpython2.7
configure:7346: checking for python3
configure:7362: found /usr/bin/python3
configure:7373: result: python3
configure:7389: checking for python3-config
configure:7405: found /usr/bin/python3-config
configure:7416: result: python3-config
configure:7480: checking for python3 major version number
configure:7483: result: 3
configure:7491: checking for Python 3.x os.name
configure:7494: result: posix
configure:7544: checking for Python 3.x prefix
configure:7547: result: /usr
configure:7549: checking for Python 3.x exec-prefix
configure:7552: result: /usr
configure:7558: checking for Python 3.x version
configure:7564: result: python3.7
configure:7569: checking for Python 3.x lib dir
configure:7576: result: lib
configure:7581: checking for Python 3.x header files
configure:7584: result: -I/usr/include/python3.7m -I/usr/include/python3.7m
configure:7588: checking for Python 3.x library directory
configure:7598: result: Not found
configure:7607: checking for Python 3.x library
configure:7613: result: -lpython3.7
configure:7636: checking for pep8
configure:7666: result: no
configure:7705: checking for perl
configure:7721: found /usr/bin/perl
configure:7732: result: perl
configure:7750: checking for Perl5 header files
configure:7759: result: /usr/lib/x86_64-linux-gnu/perl/5.28/CORE
configure:7771: checking for Perl5 library
configure:7778: result: perl
configure:7781: checking for Perl5 ccflags
configure:7788: result: -D_REENTRANT -D_GNU_SOURCE -DDEBIAN -fwrapv -fno-strict-aliasing -pipe -isystem /usr/local/include -D_LARGEFILE_SOURCE -D_FILE_OFFSET_BITS=64
configure:7791: checking for Perl5 ccdlflags
configure:7798: result: -Wl,-E
configure:7801: checking for Perl5 cccdlflags
configure:7808: result: -fPIC
configure:7811: checking for Perl5 ldflags
configure:7818: result:  -fstack-protector-strong -L/usr/local/lib
configure:7821: checking for Perl5 Test::More module
configure:7828: result: found
configure:7883: checking for octave
configure:7916: result: no
configure:8075: checking for scilab
configure:8105: result: no
configure:8245: checking for java JDK
configure:8279: result: no (JAVA_HOME is not defined)
configure:8291: checking for java
configure:8321: result: no
configure:8291: checking for kaffe
configure:8321: result: no
configure:8291: checking for guavac
configure:8321: result: no
configure:8342: checking for javac
configure:8372: result: no
configure:8385: checking for java include file jni.h
configure:8426: result: not found
configure:8565: checking for nodejs
configure:8595: result: no
configure:8565: checking for node
configure:8595: result: no
configure:8658: checking for JavaScriptCore/JavaScript.h
configure:8698: result: not found
configure:8736: checking for V8 Javascript v8.h
configure:8769: result: not found
configure:8777: checking for V8 Javascript library
configure:8798: result: not found
configure:8869: checking for gcj
configure:8899: result: no
configure:8916: checking for gcjh
configure:8946: result: no
configure:9010: checking for android
configure:9040: result: no
configure:9057: checking for adb
configure:9087: result: no
configure:9104: checking for ant
configure:9134: result: no
configure:9151: checking for ndk-build
configure:9181: result: no
configure:9247: checking for guile-config
configure:9280: result: no
configure:9407: checking for mzscheme
configure:9440: result: no
configure:9452: checking for mzc
configure:9485: result: no
configure:9544: checking for ruby
configure:9574: result: no
configure:9586: checking for Ruby header files
configure:9685: result: could not figure out how to run ruby
configure:9729: checking for php5
configure:9759: result: no
configure:9729: checking for php
configure:9759: result: no
configure:9771: checking for PHP header files
configure:9792: result: could not find -config or obtain PHP version from it
configure:9861: checking for Ocaml DL load generator
configure:9868: checking for ocamldlgen
configure:9898: result: no
configure:9908: checking for Ocaml package tool
configure:9915: checking for ocamlfind
configure:9945: result: no
configure:9955: checking for Ocaml compiler
configure:9962: checking for ocamlc
configure:9992: result: no
configure:10002: checking for Ocaml toplevel creator
configure:10009: checking for ocamlmktop
configure:10039: result: no
configure:10049: checking for Ocaml Pre-Processor-Pretty-Printer
configure:10056: checking for camlp4
configure:10086: result: no
configure:10131: checking for pike
configure:10161: result: no
configure:10131: checking for pike7.8
configure:10161: result: no
configure:10131: checking for pike7.6
configure:10161: result: no
configure:10131: checking for pike7.4
configure:10161: result: no
configure:10131: checking for pike7.2
configure:10161: result: no
configure:10300: checking for chicken
configure:10330: result: no
configure:10356: checking for csc
configure:10386: result: no
configure:10423: checking for csi
configure:10453: result: no
configure:10689: checking for mono-csc
configure:10719: result: no
configure:10689: checking for gmcs
configure:10719: result: no
configure:10689: checking for mcs
configure:10719: result: no
configure:10689: checking for cscc
configure:10719: result: no
configure:10948: checking for lua5.4
configure:10981: result: no
configure:10948: checking for lua5.3
configure:10981: result: no
configure:10948: checking for lua5.2
configure:10981: result: no
configure:10948: checking for lua5.1
configure:10981: result: no
configure:10948: checking for lua
configure:10981: result: no
configure:11227: checking for alisp
configure:11260: result: no
configure:11287: Disabling CLISP
configure:11365: checking for R
configure:11398: result: no
configure:11442: checking for go
configure:11472: result: no
configure:11548: checking for gccgo
configure:11578: result: no
configure:11707: checking for dmd
configure:11737: result: no
configure:11707: checking for ldmd
configure:11737: result: no
configure:11707: checking for gdmd
configure:11737: result: no
configure:11792: checking for dmd
configure:11822: result: no
configure:11792: checking for gdmd
configure:11822: result: no
configure:12299: checking that generated files are newer than configure
configure:12305: result: done
configure:12332: creating ./config.status

## ---------------------- ##
## Running config.status. ##
## ---------------------- ##

This file was extended by swig config.status 3.0.10, which was
generated by GNU Autoconf 2.69.  Invocation command line was

  CONFIG_FILES    = 
  CONFIG_HEADERS  = 
  CONFIG_LINKS    = 
  CONFIG_COMMANDS = 
  $ ./config.status 

on osboxes

config.status:1082: creating Makefile
config.status:1082: creating swig.spec
config.status:1082: creating Examples/Makefile
config.status:1082: creating Examples/d/example.mk
config.status:1082: creating Examples/xml/Makefile
config.status:1082: creating Examples/test-suite/errors/Makefile
config.status:1082: creating Examples/test-suite/chicken/Makefile
config.status:1082: creating Examples/test-suite/csharp/Makefile
config.status:1082: creating Examples/test-suite/d/Makefile
config.status:1082: creating Examples/test-suite/guile/Makefile
config.status:1082: creating Examples/test-suite/java/Makefile
config.status:1082: creating Examples/test-suite/javascript/Makefile
config.status:1082: creating Examples/test-suite/mzscheme/Makefile
config.status:1082: creating Examples/test-suite/ocaml/Makefile
config.status:1082: creating Examples/test-suite/octave/Makefile
config.status:1082: creating Examples/test-suite/perl5/Makefile
config.status:1082: creating Examples/test-suite/php/Makefile
config.status:1082: creating Examples/test-suite/pike/Makefile
config.status:1082: creating Examples/test-suite/python/Makefile
config.status:1082: creating Examples/test-suite/ruby/Makefile
config.status:1082: creating Examples/test-suite/scilab/Makefile
config.status:1082: creating Examples/test-suite/tcl/Makefile
config.status:1082: creating Examples/test-suite/lua/Makefile
config.status:1082: creating Examples/test-suite/allegrocl/Makefile
config.status:1082: creating Examples/test-suite/clisp/Makefile
config.status:1082: creating Examples/test-suite/cffi/Makefile
config.status:1082: creating Examples/test-suite/uffi/Makefile
config.status:1082: creating Examples/test-suite/r/Makefile
config.status:1082: creating Examples/test-suite/go/Makefile
config.status:1082: creating Source/Makefile
config.status:1082: creating Tools/javascript/Makefile
config.status:1082: creating preinst-swig
config.status:1082: creating CCache/ccache_swig_config.h
config.status:1082: creating Source/Include/swigconfig.h
config.status:1263: Source/Include/swigconfig.h is unchanged
config.status:1311: executing depfiles commands
config.status:1311: executing Examples commands
configure:13773: === configuring in CCache (/home/osboxes/Desktop/snowboy/a/swig-3.0.10/CCache)
configure:13836: running /bin/bash ./configure --disable-option-checking '--prefix=/usr'  '--without-clisp' '--without-maximum-compile-warnings' --cache-file=/dev/null --srcdir=.

## ---------------- ##
## Cache variables. ##
## ---------------- ##

ac_cv_build=x86_64-pc-linux-gnu
ac_cv_c_compiler_gnu=yes
ac_cv_cxx_compiler_gnu=yes
ac_cv_env_CCC_set=
ac_cv_env_CCC_value=
ac_cv_env_CC_set=
ac_cv_env_CC_value=
ac_cv_env_CFLAGS_set=
ac_cv_env_CFLAGS_value=
ac_cv_env_CPPFLAGS_set=
ac_cv_env_CPPFLAGS_value=
ac_cv_env_CPP_set=
ac_cv_env_CPP_value=
ac_cv_env_CXXFLAGS_set=
ac_cv_env_CXXFLAGS_value=
ac_cv_env_CXX_set=
ac_cv_env_CXX_value=
ac_cv_env_LDFLAGS_set=
ac_cv_env_LDFLAGS_value=
ac_cv_env_LIBS_set=
ac_cv_env_LIBS_value=
ac_cv_env_PCRE_CFLAGS_set=
ac_cv_env_PCRE_CFLAGS_value=
ac_cv_env_PCRE_CONFIG_set=
ac_cv_env_PCRE_CONFIG_value=
ac_cv_env_PCRE_LIBS_set=
ac_cv_env_PCRE_LIBS_value=
ac_cv_env_YACC_set=
ac_cv_env_YACC_value=
ac_cv_env_YFLAGS_set=
ac_cv_env_YFLAGS_value=
ac_cv_env_build_alias_set=
ac_cv_env_build_alias_value=
ac_cv_env_host_alias_set=
ac_cv_env_host_alias_value=
ac_cv_env_target_alias_set=
ac_cv_env_target_alias_value=
ac_cv_func_popen=yes
ac_cv_header_stdc=yes
ac_cv_host=x86_64-pc-linux-gnu
ac_cv_lib_crypt_crypt=yes
ac_cv_lib_dl_dlopen=yes
ac_cv_lib_dld_shl_load=no
ac_cv_lib_ieee_main=no
ac_cv_lib_swill_swill_init=no
ac_cv_objext=o
ac_cv_path_EGREP='/usr/bin/grep -E'
ac_cv_path_GREP=/usr/bin/grep
ac_cv_path_PCRE_CONFIG=/usr/bin/pcre-config
ac_cv_path_SED=/usr/bin/sed
ac_cv_path_install='/usr/bin/install -c'
ac_cv_path_mkdir=/usr/bin/mkdir
ac_cv_prog_AWK=mawk
ac_cv_prog_CPP='gcc -E'
ac_cv_prog_PERL=perl
ac_cv_prog_PY3CONFIG=python3-config
ac_cv_prog_PYTHON3=python3
ac_cv_prog_PYTHON=python
ac_cv_prog_ac_ct_CC=gcc
ac_cv_prog_ac_ct_CXX=g++
ac_cv_prog_cc_c89=
ac_cv_prog_cc_g=yes
ac_cv_prog_cxx_g=yes
ac_cv_prog_make_make_set=yes
ac_cv_search_gethostbyname='none required'
ac_cv_search_socket='none required'
ac_cv_search_t_open=no
am_cv_CC_dependencies_compiler_type=gcc3
am_cv_CXX_dependencies_compiler_type=gcc3
am_cv_make_support_nested_variables=yes
am_cv_prog_cc_c_o=yes

## ----------------- ##
## Output variables. ##
## ----------------- ##

ACLOCAL='${SHELL} /home/osboxes/Desktop/snowboy/a/swig-3.0.10/Tools/config/missing aclocal-1.15'
ADB=''
ALLEGROCLBIN=''
AMDEPBACKSLASH='\'
AMDEP_FALSE='#'
AMDEP_TRUE=''
AMTAR='$${TAR-tar}'
AM_BACKSLASH='\'
AM_DEFAULT_V='$(AM_DEFAULT_VERBOSITY)'
AM_DEFAULT_VERBOSITY='1'
AM_V='$(V)'
ANDROID=''
ANT=''
AUTOCONF='${SHELL} /home/osboxes/Desktop/snowboy/a/swig-3.0.10/Tools/config/missing autoconf'
AUTOHEADER='${SHELL} /home/osboxes/Desktop/snowboy/a/swig-3.0.10/Tools/config/missing autoheader'
AUTOMAKE='${SHELL} /home/osboxes/Desktop/snowboy/a/swig-3.0.10/Tools/config/missing automake-1.15'
AWK='mawk'
BOOST_CPPFLAGS='-I/include/boost-0'
BOOST_LDFLAGS='-L/lib/x86_64-linux-gnu'
CAMLP4=''
CC='gcc'
CCDEPMODE='depmode=gcc3'
CCSHARED='-fpic'
CFLAGS='-g -O2'
CHICKEN=''
CHICKENLIB=''
CHICKENOPTS=''
CHICKENSHAREDLIB=''
CHICKEN_CSC=''
CHICKEN_CSI=''
CLISPBIN=''
CPP='gcc -E'
CPPFLAGS=' '
CSHARPCFLAGS=''
CSHARPCILINTERPRETER=''
CSHARPCILINTERPRETER_FLAGS=''
CSHARPCOMPILER=''
CSHARPCONVERTPATH='Tools/convertpath -u'
CSHARPDYNAMICLINKING=''
CSHARPLIBRARYPREFIX='lib'
CSHARPSO='.so'
CXX='g++'
CXXDEPMODE='depmode=gcc3'
CXXFLAGS='-g -O2'
CXXSHARED='gcc -shared'
CYGPATH_W='echo'
D1COMPILER=''
D2COMPILER=''
DDEFAULTVERSION=''
DEFS='-DHAVE_CONFIG_H'
DEPDIR='.deps'
DLIBPREFIX='lib'
ECHO_C=''
ECHO_N='-n'
ECHO_T=''
EGREP='/usr/bin/grep -E'
ENABLE_CCACHE='1'
EXEEXT=''
EXTRA_CLEAN=''
GCCGO=''
GCCGOOPT=''
GCJ=''
GCJH=''
GO12='false'
GO13='false'
GO15='false'
GO1='false'
GO=''
GOC=''
GOGCC='false'
GOOPT=''
GOVERSIONOPTION=''
GREP='/usr/bin/grep'
GUILE='yes'
GUILE_CFLAGS=''
GUILE_CONFIG=''
GUILE_LIBS=''
GUILE_SO='.so'
HAVE_CXX11_COMPILER=''
INSTALL_DATA='${INSTALL} -m 644'
INSTALL_PROGRAM='${INSTALL}'
INSTALL_SCRIPT='${INSTALL}'
INSTALL_STRIP_PROGRAM='$(install_sh) -c -s'
JAVA=''
JAVAC=''
JAVACFLAGS=''
JAVACXXSHARED='$(CXXSHARED)'
JAVADYNAMICLINKING=''
JAVAFLAGS=''
JAVAINC=''
JAVALDSHARED='$(LDSHARED)'
JAVALIBRARYPREFIX='lib'
JAVASO='.so'
JSCENABLED=''
JSCOREDYNAMICLINKING=''
JSCOREINC=''
JSCOREVERSION=''
JSINTERPRETERCXX='$(CXX)'
JSINTERPRETERLINKFLAGS='-ldl'
JSV8DYNAMICLINKING=''
JSV8ENABLED=''
JSV8INC=''
LDFLAGS=''
LDSHARED='gcc -shared'
LIBC=''
LIBCRYPT='-lcrypt'
LIBM='-lm'
LIBOBJS=''
LIBS='-ldl  -lpcre'
LINKFORSHARED='-Xlinker -export-dynamic'
LTLIBOBJS=''
LUABIN=''
LUADYNAMICLINKING=''
LUAFLAGS=''
LUALINK=''
LUA_SO='.so'
MAKEINFO='${SHELL} /home/osboxes/Desktop/snowboy/a/swig-3.0.10/Tools/config/missing makeinfo'
MKDIR_P='/usr/bin/mkdir -p'
MZC=''
MZDYNOBJ=''
MZSCHEME=''
MZSCHEME_SO='.so'
NDKBUILD=''
NODEGYP=''
NODEJS=''
OBJEXT='o'
OCAMLC=''
OCAMLDLGEN=''
OCAMLFIND=''
OCAMLMKTOP=''
OCTAVE=''
OCTAVE_CPPFLAGS=''
OCTAVE_CXXFLAGS=''
OCTAVE_LDFLAGS=''
OCTAVE_SO='.oct'
PACKAGE='swig'
PACKAGE_BUGREPORT='http://www.swig.org'
PACKAGE_NAME='swig'
PACKAGE_STRING='swig 3.0.10'
PACKAGE_TARNAME='swig'
PACKAGE_URL=''
PACKAGE_VERSION='3.0.10'
PATH_SEPARATOR=':'
PCRE_CFLAGS=''
PCRE_CONFIG='/usr/bin/pcre-config'
PCRE_LIBS='-lpcre'
PEP8=''
PERL5CCCDLFLAGS='-fPIC'
PERL5CCDLFLAGS='-Wl,-E'
PERL5CCFLAGS='-D_REENTRANT -D_GNU_SOURCE -DDEBIAN -fwrapv -fno-strict-aliasing -pipe -isystem /usr/local/include -D_LARGEFILE_SOURCE -D_FILE_OFFSET_BITS=64'
PERL5DYNAMICLINKING=''
PERL5EXT='/usr/lib/x86_64-linux-gnu/perl/5.28/CORE'
PERL5LDFLAGS=' -fstack-protector-strong -L/usr/local/lib'
PERL5LIB='perl'
PERL='perl'
PHP=''
PHPINC=''
PHP_SO='.so'
PIKE=''
PIKECCDLFLAGS=''
PIKECONFIG=''
PIKEDYNAMICLINKING=''
PIKEINCLUDE=''
PKGCONFIG=''
PLATCFLAGS=''
PLATCXXFLAGS=''
PY3CONFIG='python3-config'
PY3INCLUDE='-I/usr/include/python3.7m -I/usr/include/python3.7m'
PY3LIB=''
PY3LINK='-lpython3.7'
PYINCLUDE=''
PYLIB=''
PYLINK='-lpython2.7'
PYTHON3='python3'
PYTHON3DYNAMICLINKING=''
PYTHON='python'
PYTHONDYNAMICLINKING=''
PYTHON_SO='.so'
RBIN=''
ROOT_DIR='/home/osboxes/Desktop/snowboy/a/swig-3.0.10'
RPATH='-Xlinker -rpath $(exec_prefix)/lib -Xlinker -rpath .'
RUBY=''
RUBYCCDLFLAGS=''
RUBYDYNAMICLINKING=''
RUBYINCLUDE=''
RUBYLIB=''
RUBYLINK=''
RUBYSO='.so'
SCILAB=''
SCILABINCLUDE=''
SCILABOPT=''
SED='/usr/bin/sed'
SET_MAKE=''
SHELL='/bin/bash'
SKIP_ALLEGROCL='1'
SKIP_ANDROID='1'
SKIP_CFFI='1'
SKIP_CHICKEN='1'
SKIP_CLISP='1'
SKIP_CSHARP='1'
SKIP_D='1'
SKIP_GCJ='1'
SKIP_GO='1'
SKIP_GUILE='1'
SKIP_JAVA='1'
SKIP_JAVASCRIPT='1'
SKIP_LUA='1'
SKIP_MODULA3='1'
SKIP_MZSCHEME='1'
SKIP_OCAML='1'
SKIP_OCTAVE='1'
SKIP_PERL5=''
SKIP_PHP='1'
SKIP_PIKE='1'
SKIP_PYTHON3=''
SKIP_PYTHON=''
SKIP_R='1'
SKIP_RUBY='1'
SKIP_SCILAB='1'
SKIP_TCL='1'
SKIP_UFFI='1'
SO='.so'
STRIP=''
SWIGLIBS=''
SWIG_LIB='/usr/share/swig/3.0.10'
SWIG_LIB_INSTALL='${datarootdir}/swig/3.0.10'
SWIG_LIB_PREINST='/home/osboxes/Desktop/snowboy/a/swig-3.0.10/Lib'
SWIG_LIB_SET='env SWIG_LIB=$(SWIG_LIB_DIR)'
SWILL=''
TCLCXXSHARED='$(CXXSHARED)'
TCLDYNAMICLINKING=''
TCLINCLUDE=''
TCLLDSHARED='$(LDSHARED)'
TCLLIB=''
TCL_SO='.so'
TRYLINKINGWITHCXX='CXXSHARED= g++ -shared '
VERSION='3.0.10'
YACC='yacc'
YFLAGS=''
ac_aux_dir='Tools/config'
ac_ct_CC='gcc'
ac_ct_CXX='g++'
am__EXEEXT_FALSE=''
am__EXEEXT_TRUE='#'
am__fastdepCC_FALSE='#'
am__fastdepCC_TRUE=''
am__fastdepCXX_FALSE='#'
am__fastdepCXX_TRUE=''
am__include='include'
am__isrc=''
am__leading_dot='.'
am__nodep='_no'
am__quote=''
am__tar='$${TAR-tar} chof - "$$tardir"'
am__untar='$${TAR-tar} xf -'
bindir='${exec_prefix}/bin'
build='x86_64-pc-linux-gnu'
build_alias=''
build_cpu='x86_64'
build_os='linux-gnu'
build_vendor='pc'
datadir='${datarootdir}'
datarootdir='${prefix}/share'
docdir='${datarootdir}/doc/${PACKAGE_TARNAME}'
dvidir='${docdir}'
exec_prefix='${prefix}'
host='x86_64-pc-linux-gnu'
host_alias=''
host_cpu='x86_64'
host_os='linux-gnu'
host_vendor='pc'
htmldir='${docdir}'
includedir='${prefix}/include'
infodir='${datarootdir}/info'
install_sh='${SHELL} /home/osboxes/Desktop/snowboy/a/swig-3.0.10/Tools/config/install-sh'
libdir='${exec_prefix}/lib'
libexecdir='${exec_prefix}/libexec'
localedir='${datarootdir}/locale'
localstatedir='${prefix}/var'
mandir='${datarootdir}/man'
mkdir_p='$(MKDIR_P)'
oldincludedir='/usr/include'
pdfdir='${docdir}'
prefix='/usr'
program_transform_name='s,x,x,'
psdir='${docdir}'
runstatedir='${localstatedir}/run'
sbindir='${exec_prefix}/sbin'
sharedstatedir='${prefix}/com'
subdirs=' CCache'
sysconfdir='${prefix}/etc'
target_alias=''

## ----------- ##
## confdefs.h. ##
## ----------- ##

/* confdefs.h */
#define PACKAGE_NAME "swig"
#define PACKAGE_TARNAME "swig"
#define PACKAGE_VERSION "3.0.10"
#define PACKAGE_STRING "swig 3.0.10"
#define PACKAGE_BUGREPORT "http://www.swig.org"
#define PACKAGE_URL ""
#define PACKAGE "swig"
#define VERSION "3.0.10"
#define SWIG_CXX "g++"
#define SWIG_PLATFORM "x86_64-pc-linux-gnu"
#define STDC_HEADERS 1
#define HAVE_POPEN 1
#define HAVE_PCRE 1
#define HAVE_LIBDL 1
#define SWIG_LIB "/usr/share/swig/3.0.10"
#define SWIG_LIB_WIN_UNIX ""

configure: exit 0
